Unknown:
C:\Users\HELAL\Downloads\PatchMicrostrip\Result\1.pnf
C:\Users\HELAL\Downloads\PatchMicrostrip\Result\2024050417575356.log
C:\Users\HELAL\Downloads\PatchMicrostrip\Result\2024050417575356.xyz
C:\Users\HELAL\Downloads\PatchMicrostrip\Result\bdensx.adt
C:\Users\HELAL\Downloads\PatchMicrostrip\Result\bdensy.adt
C:\Users\HELAL\Downloads\PatchMicrostrip\Result\bdensz.adt
C:\Users\HELAL\Downloads\PatchMicrostrip\Result\edensx.adt
C:\Users\HELAL\Downloads\PatchMicrostrip\Result\edensy.adt
C:\Users\HELAL\Downloads\PatchMicrostrip\Result\edensz.adt
C:\Users\HELAL\Downloads\PatchMicrostrip\Result\farfield (f=2.4)1D_1.ffp
C:\Users\HELAL\Downloads\PatchMicrostrip\Result\farfield (f=2.4)_1.fme
C:\Users\HELAL\Downloads\PatchMicrostrip\Result\Farfield_mono_tmp.sig
C:\Users\HELAL\Downloads\PatchMicrostrip\Result\Hex.gap
C:\Users\HELAL\Downloads\PatchMicrostrip\Result\MCalc-Facets-1xN.log
C:\Users\HELAL\Downloads\PatchMicrostrip\Result\MCalc.ddi
C:\Users\HELAL\Downloads\PatchMicrostrip\Result\MCalc.log
C:\Users\HELAL\Downloads\PatchMicrostrip\Result\ml_info.log
C:\Users\HELAL\Downloads\PatchMicrostrip\Result\Model.amr
C:\Users\HELAL\Downloads\PatchMicrostrip\Result\Model.axg
C:\Users\HELAL\Downloads\PatchMicrostrip\Result\Model.coco
C:\Users\HELAL\Downloads\PatchMicrostrip\Result\Model.ddi
C:\Users\HELAL\Downloads\PatchMicrostrip\Result\Model.elg
C:\Users\HELAL\Downloads\PatchMicrostrip\Result\Model.log
C:\Users\HELAL\Downloads\PatchMicrostrip\Result\Model.mlg
C:\Users\HELAL\Downloads\PatchMicrostrip\Result\Model.sa
C:\Users\HELAL\Downloads\PatchMicrostrip\Result\Model.sam
C:\Users\HELAL\Downloads\PatchMicrostrip\Result\Model_m1.sam
C:\Users\HELAL\Downloads\PatchMicrostrip\Result\m^fqq.dsc
C:\Users\HELAL\Downloads\PatchMicrostrip\Result\Port1_e1[2.4]_prt.sct
C:\Users\HELAL\Downloads\PatchMicrostrip\Result\Port1_e1[2.4]_prt_res.axg
C:\Users\HELAL\Downloads\PatchMicrostrip\Result\Port1_e1[2.4]_res.axg
C:\Users\HELAL\Downloads\PatchMicrostrip\Result\Port1_h1[2.4]_prt.sct
C:\Users\HELAL\Downloads\PatchMicrostrip\Result\Port1_h1[2.4]_res.axg
C:\Users\HELAL\Downloads\PatchMicrostrip\Result\Ports.web
C:\Users\HELAL\Downloads\PatchMicrostrip\Result\Port^Mesh^1_1.slm
C:\Users\HELAL\Downloads\PatchMicrostrip\Result\Postprocessing.log
C:\Users\HELAL\Downloads\PatchMicrostrip\Result\p^a.dsc
C:\Users\HELAL\Downloads\PatchMicrostrip\Result\P^m^fb.slog
C:\Users\HELAL\Downloads\PatchMicrostrip\Result\P^m^fbqq.slog
C:\Users\HELAL\Downloads\PatchMicrostrip\Result\P^m^fqq.slog
C:\Users\HELAL\Downloads\PatchMicrostrip\Result\P^p^m.slog
C:\Users\HELAL\Downloads\PatchMicrostrip\Result\P^s^pm.slog
Mesh:
C:\Users\HELAL\Downloads\PatchMicrostrip\Result\dA.mat
C:\Users\HELAL\Downloads\PatchMicrostrip\Result\dad.mat
C:\Users\HELAL\Downloads\PatchMicrostrip\Result\ds.mat
C:\Users\HELAL\Downloads\PatchMicrostrip\Result\dsd.mat
C:\Users\HELAL\Downloads\PatchMicrostrip\Result\dsMCalc.mat
C:\Users\HELAL\Downloads\PatchMicrostrip\Result\Eps.mat
C:\Users\HELAL\Downloads\PatchMicrostrip\Result\HexMatrix.m2h
C:\Users\HELAL\Downloads\PatchMicrostrip\Result\HexMatrix_MCalc.m2h
C:\Users\HELAL\Downloads\PatchMicrostrip\Result\Kappa.mat
C:\Users\HELAL\Downloads\PatchMicrostrip\Result\MCalc.fmp
C:\Users\HELAL\Downloads\PatchMicrostrip\Result\MCalc.xcfd
C:\Users\HELAL\Downloads\PatchMicrostrip\Result\Meta.m2h
C:\Users\HELAL\Downloads\PatchMicrostrip\Result\Meta.mat
C:\Users\HELAL\Downloads\PatchMicrostrip\Result\Model.cct
C:\Users\HELAL\Downloads\PatchMicrostrip\Result\Model.fmf
C:\Users\HELAL\Downloads\PatchMicrostrip\Result\Model.fmm
C:\Users\HELAL\Downloads\PatchMicrostrip\Result\Model.fpc
C:\Users\HELAL\Downloads\PatchMicrostrip\Result\Model.fsi
C:\Users\HELAL\Downloads\PatchMicrostrip\Result\Model.fwf
C:\Users\HELAL\Downloads\PatchMicrostrip\Result\Model.mss
C:\Users\HELAL\Downloads\PatchMicrostrip\Result\Model.sic
C:\Users\HELAL\Downloads\PatchMicrostrip\Result\Model.spi
C:\Users\HELAL\Downloads\PatchMicrostrip\Result\Model.xcfd
C:\Users\HELAL\Downloads\PatchMicrostrip\Result\Model^PEC.fpf
C:\Users\HELAL\Downloads\PatchMicrostrip\Result\Mue.mat
C:\Users\HELAL\Downloads\PatchMicrostrip\Result\m^fqq.mem
C:\Users\HELAL\Downloads\PatchMicrostrip\Result\p1.spi
C:\Users\HELAL\Downloads\PatchMicrostrip\Result\PEC.mat
C:\Users\HELAL\Downloads\PatchMicrostrip\Result\Port1.wgi
C:\Users\HELAL\Downloads\PatchMicrostrip\Result\p^a.mem
C:\Users\HELAL\Downloads\PatchMicrostrip\Result\p^m.mem
C:\Users\HELAL\Downloads\PatchMicrostrip\Result\Rho.mat
C:\Users\HELAL\Downloads\PatchMicrostrip\Result\S2HMatrix.m2h
C:\Users\HELAL\Downloads\PatchMicrostrip\Result\Shapes.con
C:\Users\HELAL\Downloads\PatchMicrostrip\Result\s^pm.mem
Port:
C:\Users\HELAL\Downloads\PatchMicrostrip\Result\adapt_Port1_e1.prt
C:\Users\HELAL\Downloads\PatchMicrostrip\Result\adapt_Port1_e1[2.4].prt
C:\Users\HELAL\Downloads\PatchMicrostrip\Result\adapt_Port1_h1.prt
C:\Users\HELAL\Downloads\PatchMicrostrip\Result\adapt_Port1_h1[2.4].prt
C:\Users\HELAL\Downloads\PatchMicrostrip\Result\Model.pmi
C:\Users\HELAL\Downloads\PatchMicrostrip\Result\Port1_1[2.4].m2d
C:\Users\HELAL\Downloads\PatchMicrostrip\Result\Port1_drv.m2d
C:\Users\HELAL\Downloads\PatchMicrostrip\Result\Port1_e1.prt
C:\Users\HELAL\Downloads\PatchMicrostrip\Result\Port1_e1[2.4].prt
C:\Users\HELAL\Downloads\PatchMicrostrip\Result\Port1_h1.prt
C:\Users\HELAL\Downloads\PatchMicrostrip\Result\Port1_h1[2.4].prt
